/home/chaoming/anaconda3/envs/dl_numpy/bin/python /media/chaoming/Files2/MyCode/PythonCode/NumpyDL/test/examples/cnn.py
loading data ...
building model ...
train model ...
iter 1, train-[loss 0.7227, acc 0.7498]; valid-[loss 0.2609, acc 0.9187];
iter 2, train-[loss 0.2004, acc 0.9386]; valid-[loss 0.1907, acc 0.9405];
iter 3, train-[loss 0.1722, acc 0.9473]; valid-[loss 0.1705, acc 0.9452];
iter 4, train-[loss 0.1626, acc 0.9501]; valid-[loss 0.1583, acc 0.9541];
iter 5, train-[loss 0.1551, acc 0.9528]; valid-[loss 0.1659, acc 0.9494];
iter 6, train-[loss 0.1516, acc 0.9536]; valid-[loss 0.2043, acc 0.9381];
iter 7, train-[loss 0.1472, acc 0.9549]; valid-[loss 0.1685, acc 0.9448];
iter 8, train-[loss 0.1443, acc 0.9554]; valid-[loss 0.1517, acc 0.9541];
iter 9, train-[loss 0.1415, acc 0.9561]; valid-[loss 0.1518, acc 0.9546];
iter 10, train-[loss 0.1405, acc 0.9575]; valid-[loss 0.1470, acc 0.9556];
iter 11, train-[loss 0.1386, acc 0.9576]; valid-[loss 0.1620, acc 0.9504];
iter 12, train-[loss 0.1381, acc 0.9577]; valid-[loss 0.1426, acc 0.9566];
iter 13, train-[loss 0.1362, acc 0.9582]; valid-[loss 0.1554, acc 0.9524];
iter 14, train-[loss 0.1349, acc 0.9583]; valid-[loss 0.1425, acc 0.9531];
iter 15, train-[loss 0.1352, acc 0.9583]; valid-[loss 0.1377, acc 0.9571];
iter 16, train-[loss 0.1339, acc 0.9590]; valid-[loss 0.1333, acc 0.9581];
iter 17, train-[loss 0.1331, acc 0.9595]; valid-[loss 0.1387, acc 0.9564];
iter 18, train-[loss 0.1326, acc 0.9592]; valid-[loss 0.1280, acc 0.9586];
iter 19, train-[loss 0.1331, acc 0.9591]; valid-[loss 0.1414, acc 0.9533];
iter 20, train-[loss 0.1319, acc 0.9593]; valid-[loss 0.1463, acc 0.9557];
iter 21, train-[loss 0.1314, acc 0.9604]; valid-[loss 0.1585, acc 0.9515];
iter 22, train-[loss 0.1308, acc 0.9598]; valid-[loss 0.1291, acc 0.9587];
iter 23, train-[loss 0.1313, acc 0.9591]; valid-[loss 0.1555, acc 0.9541];
iter 24, train-[loss 0.1301, acc 0.9604]; valid-[loss 0.1347, acc 0.9561];
iter 25, train-[loss 0.1303, acc 0.9599]; valid-[loss 0.1368, acc 0.9583];
iter 26, train-[loss 0.1298, acc 0.9598]; valid-[loss 0.1315, acc 0.9594];
iter 27, train-[loss 0.1295, acc 0.9597]; valid-[loss 0.1354, acc 0.9581];
iter 28, train-[loss 0.1297, acc 0.9600]; valid-[loss 0.1264, acc 0.9587];
iter 29, train-[loss 0.1304, acc 0.9596]; valid-[loss 0.1395, acc 0.9553];
iter 30, train-[loss 0.1301, acc 0.9598]; valid-[loss 0.1464, acc 0.9540];
iter 31, train-[loss 0.1297, acc 0.9601]; valid-[loss 0.1351, acc 0.9581];
iter 32, train-[loss 0.1295, acc 0.9596]; valid-[loss 0.1381, acc 0.9560];
iter 33, train-[loss 0.1287, acc 0.9602]; valid-[loss 0.1364, acc 0.9571];
iter 34, train-[loss 0.1291, acc 0.9607]; valid-[loss 0.1424, acc 0.9534];
iter 35, train-[loss 0.1286, acc 0.9601]; valid-[loss 0.1409, acc 0.9558];
iter 36, train-[loss 0.1298, acc 0.9593]; valid-[loss 0.1414, acc 0.9560];
iter 37, train-[loss 0.1282, acc 0.9601]; valid-[loss 0.1326, acc 0.9581];
iter 38, train-[loss 0.1293, acc 0.9606]; valid-[loss 0.1289, acc 0.9576];
iter 39, train-[loss 0.1287, acc 0.9605]; valid-[loss 0.1347, acc 0.9558];
iter 40, train-[loss 0.1287, acc 0.9600]; valid-[loss 0.1344, acc 0.9571];
iter 41, train-[loss 0.1282, acc 0.9603]; valid-[loss 0.1519, acc 0.9530];
iter 42, train-[loss 0.1279, acc 0.9603]; valid-[loss 0.1332, acc 0.9591];
iter 43, train-[loss 0.1284, acc 0.9607]; valid-[loss 0.1533, acc 0.9503];
iter 44, train-[loss 0.1284, acc 0.9605]; valid-[loss 0.1298, acc 0.9586];
iter 45, train-[loss 0.1294, acc 0.9601]; valid-[loss 0.1358, acc 0.9550];
iter 46, train-[loss 0.1283, acc 0.9596]; valid-[loss 0.1358, acc 0.9569];
iter 47, train-[loss 0.1292, acc 0.9601]; valid-[loss 0.1255, acc 0.9594];
iter 48, train-[loss 0.1283, acc 0.9602]; valid-[loss 0.1278, acc 0.9576];
iter 49, train-[loss 0.1287, acc 0.9606]; valid-[loss 0.1295, acc 0.9600];
iter 50, train-[loss 0.1286, acc 0.9595]; valid-[loss 0.1232, acc 0.9609];
iter 51, train-[loss 0.1286, acc 0.9597]; valid-[loss 0.1430, acc 0.9548];
iter 52, train-[loss 0.1285, acc 0.9598]; valid-[loss 0.1568, acc 0.9498];
iter 53, train-[loss 0.1283, acc 0.9603]; valid-[loss 0.1432, acc 0.9538];
iter 54, train-[loss 0.1281, acc 0.9608]; valid-[loss 0.1240, acc 0.9612];
iter 55, train-[loss 0.1284, acc 0.9598]; valid-[loss 0.1440, acc 0.9527];
iter 56, train-[loss 0.1283, acc 0.9601]; valid-[loss 0.1358, acc 0.9563];
iter 57, train-[loss 0.1285, acc 0.9600]; valid-[loss 0.1373, acc 0.9560];
iter 58, train-[loss 0.1282, acc 0.9594]; valid-[loss 0.1341, acc 0.9577];
iter 59, train-[loss 0.1286, acc 0.9599]; valid-[loss 0.1481, acc 0.9537];
iter 60, train-[loss 0.1277, acc 0.9596]; valid-[loss 0.1357, acc 0.9569];
iter 61, train-[loss 0.1286, acc 0.9607]; valid-[loss 0.1234, acc 0.9613];
iter 62, train-[loss 0.1282, acc 0.9608]; valid-[loss 0.1555, acc 0.9472];
iter 63, train-[loss 0.1275, acc 0.9608]; valid-[loss 0.1342, acc 0.9594];
iter 64, train-[loss 0.1289, acc 0.9606]; valid-[loss 0.1455, acc 0.9540];
iter 65, train-[loss 0.1274, acc 0.9599]; valid-[loss 0.1256, acc 0.9599];
iter 66, train-[loss 0.1277, acc 0.9603]; valid-[loss 0.1320, acc 0.9576];
iter 67, train-[loss 0.1279, acc 0.9605]; valid-[loss 0.1296, acc 0.9577];
iter 68, train-[loss 0.1275, acc 0.9608]; valid-[loss 0.1450, acc 0.9547];
iter 69, train-[loss 0.1284, acc 0.9601]; valid-[loss 0.1394, acc 0.9579];
iter 70, train-[loss 0.1281, acc 0.9608]; valid-[loss 0.1535, acc 0.9510];
iter 71, train-[loss 0.1291, acc 0.9597]; valid-[loss 0.1382, acc 0.9548];
iter 72, train-[loss 0.1274, acc 0.9607]; valid-[loss 0.1427, acc 0.9563];
iter 73, train-[loss 0.1293, acc 0.9601]; valid-[loss 0.1316, acc 0.9599];
iter 74, train-[loss 0.1276, acc 0.9601]; valid-[loss 0.1437, acc 0.9556];
iter 75, train-[loss 0.1275, acc 0.9604]; valid-[loss 0.1281, acc 0.9593];
iter 76, train-[loss 0.1277, acc 0.9607]; valid-[loss 0.1313, acc 0.9584];
iter 77, train-[loss 0.1279, acc 0.9604]; valid-[loss 0.1411, acc 0.9584];
iter 78, train-[loss 0.1274, acc 0.9606]; valid-[loss 0.1451, acc 0.9551];
iter 79, train-[loss 0.1274, acc 0.9608]; valid-[loss 0.1287, acc 0.9597];
iter 80, train-[loss 0.1279, acc 0.9601]; valid-[loss 0.1465, acc 0.9530];
iter 81, train-[loss 0.1279, acc 0.9604]; valid-[loss 0.1386, acc 0.9571];
iter 82, train-[loss 0.1281, acc 0.9601]; valid-[loss 0.1270, acc 0.9604];
iter 83, train-[loss 0.1275, acc 0.9604]; valid-[loss 0.1287, acc 0.9597];
iter 84, train-[loss 0.1283, acc 0.9606]; valid-[loss 0.1254, acc 0.9594];
iter 85, train-[loss 0.1285, acc 0.9602]; valid-[loss 0.1422, acc 0.9554];
iter 86, train-[loss 0.1279, acc 0.9608]; valid-[loss 0.1258, acc 0.9604];
iter 87, train-[loss 0.1273, acc 0.9608]; valid-[loss 0.1291, acc 0.9612];
iter 88, train-[loss 0.1279, acc 0.9609]; valid-[loss 0.1255, acc 0.9616];
iter 89, train-[loss 0.1288, acc 0.9599]; valid-[loss 0.1372, acc 0.9567];
iter 90, train-[loss 0.1273, acc 0.9614]; valid-[loss 0.1315, acc 0.9583];
iter 91, train-[loss 0.1274, acc 0.9609]; valid-[loss 0.1547, acc 0.9505];
iter 92, train-[loss 0.1283, acc 0.9603]; valid-[loss 0.1413, acc 0.9546];
iter 93, train-[loss 0.1282, acc 0.9605]; valid-[loss 0.1320, acc 0.9604];
iter 94, train-[loss 0.1280, acc 0.9605]; valid-[loss 0.1299, acc 0.9599];
iter 95, train-[loss 0.1270, acc 0.9609]; valid-[loss 0.1403, acc 0.9540];
iter 96, train-[loss 0.1274, acc 0.9608]; valid-[loss 0.1322, acc 0.9594];
iter 97, train-[loss 0.1278, acc 0.9602]; valid-[loss 0.1278, acc 0.9590];
iter 98, train-[loss 0.1293, acc 0.9600]; valid-[loss 0.1256, acc 0.9607];
iter 99, train-[loss 0.1277, acc 0.9607]; valid-[loss 0.1306, acc 0.9604];
iter 100, train-[loss 0.1282, acc 0.9601]; valid-[loss 0.1296, acc 0.9603];

Process finished with exit code 0
